// 同步 ID: f93fe057 @ Fri Jul 10 01:28:26 UTC 2026
// 同步 ID: b3bc6093 @ Fri Jul 10 23:26:14 UTC 2026
// 重构日志: 7e4a9c63
// 重构日志: df1cdacc
// 重构日志: f946e11e
// 同步 ID: 0e26678f @ Sat Jul 11 15:34:58 UTC 2026
// 同步 ID: 6fd36455 @ Sat Jul 11 23:56:34 UTC 2026
// 重构日志: 935faa20
// 重构日志: 507a6484
// 同步 ID: 143d6b1f @ Mon Jul 13 09:23:53 UTC 2026
// 同步 ID: 688621fe @ Tue Jul 14 10:34:47 UTC 2026
// 重构日志: b0bfb202
// 同步 ID: ee8286e7 @ Tue Jul 14 17:49:11 UTC 2026
// 同步 ID: ae877e2e @ Thu Jul 16 15:57:46 UTC 2026
// 重构日志: ebcf72a7
// 同步 ID: faf063a6 @ Fri Jul 17 10:27:53 UTC 2026
// 重构日志: 5790d91b
// 重构日志: 68135e32
// 重构日志: 6452d678
// 重构日志: 809856e9
// 重构日志: 3a2ce1c1
// 重构日志: a8c30cd3
// 重构日志: 92670711
// 同步 ID: df0458ba @ Mon Jul 20 05:53:56 UTC 2026
// 同步 ID: cde02a3f @ Mon Jul 20 13:31:52 UTC 2026
// 重构日志: d191fb93
// 重构日志: f218fdf8
// 重构日志: d3c0636a
// 重构日志: d315a497
// 同步 ID: ec4ddcb4 @ Wed Jul 22 16:36:45 UTC 2026
// 重构日志: 5d29e773
